<?xml version="1.0" encoding="UTF-8"?>
<!-- Generated by org.testng.reporters.JUnitReportReporter -->
<testsuite hostname="INDPJ02" failures="0" tests="1" name="com.demoQA.testscripts.Class1_Elements_Textbox_test" time="0.626" errors="0" timestamp="2021-07-27T14:23:28 IST" skipped="0">
  <testcase classname="com.demoQA.testscripts.Class1_Elements_Textbox_test" name="test" time="0.626"/>
  <system-out/>
</testsuite> <!-- com.demoQA.testscripts.Class1_Elements_Textbox_test -->
