<?xml version="1.0" encoding="UTF-8"?>
<!-- Generated by org.testng.reporters.JUnitReportReporter -->
<testsuite hostname="INDPJ02" failures="0" tests="1" name="com.demoQA_Widgets.testscripts.AutoComplate_test" time="4.874" errors="0" timestamp="2021-08-23T08:35:49 IST" skipped="0">
  <testcase classname="com.demoQA_Widgets.testscripts.AutoComplate_test" name="auto_test" time="4.874"/>
  <system-out/>
</testsuite> <!-- com.demoQA_Widgets.testscripts.AutoComplate_test -->
