<?xml version="1.0" encoding="UTF-8"?>
<!-- Generated by org.testng.reporters.JUnitReportReporter -->
<testsuite hostname="INDPJ02" failures="0" tests="1" name="com.demoQA.testscripts.Brokenlinks_test" time="10.293" errors="0" timestamp="2021-08-07T10:07:06 IST" skipped="0">
  <testcase classname="com.demoQA.testscripts.Brokenlinks_test" name="valid_invalid_test" time="10.293"/>
  <system-out/>
</testsuite> <!-- com.demoQA.testscripts.Brokenlinks_test -->
