<?xml version="1.0" encoding="UTF-8"?>
<!-- Generated by org.testng.reporters.JUnitReportReporter -->
<testsuite hostname="INDPJ02" failures="0" tests="2" name="com.demoQA_Interactions.testscripts.Sortable_test" time="2.050" errors="0" timestamp="2021-08-24T07:51:45 IST" skipped="0">
  <testcase classname="com.demoQA_Interactions.testscripts.Sortable_test" name="sort_test" time="1.700"/>
  <system-out/>
  <testcase classname="com.demoQA_Interactions.testscripts.Sortable_test" name="grid_test" time="0.350"/>
  <system-out/>
</testsuite> <!-- com.demoQA_Interactions.testscripts.Sortable_test -->
