<?xml version="1.0" encoding="UTF-8"?>
<!-- Generated by org.testng.reporters.JUnitReportReporter -->
<testsuite hostname="INDPJ02" failures="0" tests="1" name="com.demoQA.testscripts.Checkbox_test" time="1.212" errors="0" timestamp="2021-08-07T10:52:51 IST" skipped="0">
  <testcase classname="com.demoQA.testscripts.Checkbox_test" name="checkbox_test" time="1.212"/>
  <system-out/>
</testsuite> <!-- com.demoQA.testscripts.Checkbox_test -->
