<?xml version="1.0" encoding="UTF-8"?>
<!-- Generated by org.testng.reporters.JUnitReportReporter -->
<testsuite hostname="INDPJ02" failures="0" tests="2" name="com.demoQA_Widgets.testscripts.Accordian_test" time="0.715" errors="0" timestamp="2021-08-23T08:05:13 IST" skipped="0">
  <testcase classname="com.demoQA_Widgets.testscripts.Accordian_test" name="widget_test" time="0.253"/>
  <system-out/>
  <testcase classname="com.demoQA_Widgets.testscripts.Accordian_test" name="widget_test1" time="0.462"/>
  <system-out/>
</testsuite> <!-- com.demoQA_Widgets.testscripts.Accordian_test -->
