<?xml version="1.0" encoding="UTF-8"?>
<!-- Generated by org.testng.reporters.JUnitReportReporter -->
<testsuite hostname="INDPJ02" failures="0" tests="2" name="com.demoQA.testscripts.Textbox_test" time="0.029" errors="0" timestamp="2021-08-05T09:17:29 IST" skipped="0">
  <testcase classname="com.demoQA.testscripts.Textbox_test" name="textbox_test" time="0.006"/>
  <system-out/>
  <testcase classname="com.demoQA.testscripts.Textbox_test" name="textbox_test" time="0.023"/>
  <system-out/>
</testsuite> <!-- com.demoQA.testscripts.Textbox_test -->
