<?xml version="1.0" encoding="UTF-8"?>
<!-- Generated by org.testng.reporters.JUnitReportReporter -->
<testsuite hostname="INDPJ02" failures="0" tests="2" name="com.demoQA_Interactions.testscripts.Selectable_test" time="0.659" errors="0" timestamp="2021-08-24T08:05:54 IST" skipped="0">
  <testcase classname="com.demoQA_Interactions.testscripts.Selectable_test" name="sel_test" time="0.448"/>
  <system-out/>
  <testcase classname="com.demoQA_Interactions.testscripts.Selectable_test" name="grid_test" time="0.211"/>
  <system-out/>
</testsuite> <!-- com.demoQA_Interactions.testscripts.Selectable_test -->
