<?xml version="1.0" encoding="UTF-8"?>
<!-- Generated by org.testng.reporters.JUnitReportReporter -->
<testsuite hostname="INDPJ02" failures="0" tests="2" name="com.demoQA.testscripts.Datapprovider_test" time="0.008" errors="0" timestamp="2021-08-07T11:19:39 IST" skipped="0">
  <testcase classname="com.demoQA.testscripts.Datapprovider_test" name="test" time="0.002"/>
  <system-out/>
  <testcase classname="com.demoQA.testscripts.Datapprovider_test" name="test" time="0.006"/>
  <system-out/>
</testsuite> <!-- com.demoQA.testscripts.Datapprovider_test -->
