<?xml version="1.0" encoding="UTF-8"?>
<!-- Generated by org.testng.reporters.JUnitReportReporter -->
<testsuite hostname="INDPJ02" failures="0" tests="1" name="com.demoQA_Elements.testscripts.Textbox_test" time="1.618" errors="0" timestamp="2021-08-25T09:13:54 IST" skipped="0">
  <testcase classname="com.demoQA_Elements.testscripts.Textbox_test" name="textbox_test" time="1.618"/>
  <system-out/>
</testsuite> <!-- com.demoQA_Elements.testscripts.Textbox_test -->
