<?xml version="1.0" encoding="UTF-8"?>
<!-- Generated by org.testng.reporters.JUnitReportReporter -->
<testsuite hostname="INDPJ02" failures="0" tests="1" name="com.demoQA_Widgets.testscripts.Tooltip_test" time="0.542" errors="0" timestamp="2021-08-21T13:36:25 IST" skipped="0">
  <testcase classname="com.demoQA_Widgets.testscripts.Tooltip_test" name="tool_test" time="0.542"/>
  <system-out/>
</testsuite> <!-- com.demoQA_Widgets.testscripts.Tooltip_test -->
