<?xml version="1.0" encoding="UTF-8"?>
<!-- Generated by org.testng.reporters.JUnitReportReporter -->
<testsuite hostname="INDPJ02" failures="0" tests="1" name="com.demoQA_Widgets.testscripts.Progressbar_test" time="10.512" errors="0" timestamp="2021-08-19T14:38:33 IST" skipped="0">
  <testcase classname="com.demoQA_Widgets.testscripts.Progressbar_test" name="progress_test" time="10.512"/>
  <system-out/>
</testsuite> <!-- com.demoQA_Widgets.testscripts.Progressbar_test -->
