<?xml version="1.0" encoding="UTF-8"?>
<!-- Generated by org.testng.reporters.JUnitReportReporter -->
<testsuite hostname="INDPJ02" failures="0" tests="1" name="com.demoQA.testscripts.Radiobutton_test" time="9.022" errors="0" timestamp="2021-08-04T09:27:39 IST" skipped="0">
  <testcase classname="com.demoQA.testscripts.Radiobutton_test" name="radio_test" time="9.022"/>
  <system-out/>
</testsuite> <!-- com.demoQA.testscripts.Radiobutton_test -->
