<?xml version="1.0" encoding="UTF-8"?>
<!-- Generated by org.testng.reporters.JUnitReportReporter -->
<testsuite hostname="INDPJ02" failures="0" tests="4" name="com.demoQA.testscripts.WebTables_test" time="18.136" errors="0" timestamp="2021-08-04T13:23:40 IST" skipped="0">
  <testcase classname="com.demoQA.testscripts.WebTables_test" name="addtable" time="9.349"/>
  <system-out/>
  <testcase classname="com.demoQA.testscripts.WebTables_test" name="edittest" time="0.425"/>
  <system-out/>
  <testcase classname="com.demoQA.testscripts.WebTables_test" name="searchtest" time="8.258"/>
  <system-out/>
  <testcase classname="com.demoQA.testscripts.WebTables_test" name="deletetest" time="0.104"/>
  <system-out/>
</testsuite> <!-- com.demoQA.testscripts.WebTables_test -->
