<?xml version="1.0" encoding="UTF-8"?>
<!-- Generated by org.testng.reporters.JUnitReportReporter -->
<testsuite hostname="INDPJ02" failures="0" tests="1" name="com.demoQA_Widgets.testscripts.Menu_test" time="0.558" errors="0" timestamp="2021-08-21T14:07:39 IST" skipped="0">
  <testcase classname="com.demoQA_Widgets.testscripts.Menu_test" name="menu_test" time="0.558"/>
  <system-out/>
</testsuite> <!-- com.demoQA_Widgets.testscripts.Menu_test -->
