<?xml version="1.0" encoding="UTF-8"?>
<!-- Generated by org.testng.reporters.JUnitReportReporter -->
<testsuite hostname="INDPJ02" failures="0" tests="1" name="com.demoQA.testscripts.Second_test" time="1.315" errors="0" timestamp="2021-08-03T16:48:06 IST" skipped="0">
  <testcase classname="com.demoQA.testscripts.Second_test" name="checkbox_test" time="1.315"/>
  <system-out/>
</testsuite> <!-- com.demoQA.testscripts.Second_test -->
