<?xml version="1.0" encoding="UTF-8"?>
<!-- Generated by org.testng.reporters.JUnitReportReporter -->
<testsuite hostname="INDPJ02" failures="0" tests="1" name="com.demoQA.testscripts.Dynamic_test" time="1.550" errors="0" timestamp="2021-08-07T00:32:27 IST" skipped="0">
  <testcase classname="com.demoQA.testscripts.Dynamic_test" name="dynamic_test" time="1.550"/>
  <system-out/>
</testsuite> <!-- com.demoQA.testscripts.Dynamic_test -->
