<?xml version="1.0" encoding="UTF-8"?>
<!-- Generated by org.testng.reporters.JUnitReportReporter -->
<testsuite hostname="INDPJ02" failures="0" tests="1" name="com.demoQA.testscripts.Upload_download_test" time="1.680" errors="0" timestamp="2021-08-06T14:12:40 IST" skipped="0">
  <testcase classname="com.demoQA.testscripts.Upload_download_test" name="download" time="1.680"/>
  <system-out/>
</testsuite> <!-- com.demoQA.testscripts.Upload_download_test -->
