<?xml version="1.0" encoding="UTF-8"?>
<!-- Generated by org.testng.reporters.JUnitReportReporter -->
<testsuite hostname="INDPJ02" failures="0" tests="1" name="com.demoQA_Alerts_Frames.testscripts.Frames_test" time="47.707" errors="0" timestamp="2021-08-14T08:50:52 IST" skipped="0">
  <testcase classname="com.demoQA_Alerts_Frames.testscripts.Frames_test" name="frametest" time="47.707"/>
  <system-out/>
</testsuite> <!-- com.demoQA_Alerts_Frames.testscripts.Frames_test -->
