<?xml version="1.0" encoding="UTF-8"?>
<!-- Generated by org.testng.reporters.JUnitReportReporter -->
<testsuite hostname="INDPJ02" failures="0" tests="1" name="com.demoQA_Elements.testscripts.Datapprovider_test" time="4.764" errors="0" timestamp="2021-08-10T14:55:06 IST" skipped="0">
  <testcase classname="com.demoQA_Elements.testscripts.Datapprovider_test" name="test" time="4.764"/>
  <system-out/>
</testsuite> <!-- com.demoQA_Elements.testscripts.Datapprovider_test -->
