<?xml version="1.0" encoding="UTF-8"?>
<!-- Generated by org.testng.reporters.JUnitReportReporter -->
<testsuite hostname="INDPJ02" failures="0" tests="3" name="com.demoQA_Widgets.testscripts.Tabs_test" time="1.060" errors="0" timestamp="2021-09-08T09:00:31 IST" skipped="0">
  <testcase classname="com.demoQA_Widgets.testscripts.Tabs_test" name="tab_test" time="0.802"/>
  <system-out/>
  <testcase classname="com.demoQA_Widgets.testscripts.Tabs_test" name="origin_test" time="0.141"/>
  <system-out/>
  <testcase classname="com.demoQA_Widgets.testscripts.Tabs_test" name="use_test" time="0.117"/>
  <system-out/>
</testsuite> <!-- com.demoQA_Widgets.testscripts.Tabs_test -->
