<?xml version="1.0" encoding="UTF-8"?>
<!-- Generated by org.testng.reporters.JUnitReportReporter -->
<testsuite hostname="INDPJ02" failures="0" tests="1" name="com.demoQA_Widgets.testscripts.Slider_test" time="0.825" errors="0" timestamp="2021-08-23T08:15:11 IST" skipped="0">
  <testcase classname="com.demoQA_Widgets.testscripts.Slider_test" name="slide_test" time="0.825"/>
  <system-out/>
</testsuite> <!-- com.demoQA_Widgets.testscripts.Slider_test -->
