<?xml version="1.0" encoding="UTF-8"?>
<!-- Generated by org.testng.reporters.JUnitReportReporter -->
<testsuite hostname="INDPJ02" failures="0" tests="1" name="com.demoQA_Interactions.testscripts.Resizable_test" time="1.619" errors="0" timestamp="2021-08-30T08:59:26 IST" skipped="0">
  <testcase classname="com.demoQA_Interactions.testscripts.Resizable_test" name="resize_test" time="1.619"/>
  <system-out/>
</testsuite> <!-- com.demoQA_Interactions.testscripts.Resizable_test -->
